[0.124s] [34mcolcon[0m [1;30mDEBUG[0m [32mCommand line arguments: ['/usr/bin/colcon', 'build'][0m
[0.124s] [34mcolcon[0m [1;30mDEBUG[0m [32mParsed command line arguments: Namespace(log_base=None, log_level=None, verb_name='build', build_base='build', install_base='install', merge_install=False, symlink_install=False, test_result_base=None, continue_on_error=False, executor='parallel', parallel_workers=8, event_handlers=None, ignore_user_meta=False, metas=['./colcon.meta'], base_paths=['.'], packages_ignore=None, packages_ignore_regex=None, paths=None, packages_up_to=None, packages_up_to_regex=None, packages_above=None, packages_above_and_dependencies=None, packages_above_depth=None, packages_select_by_dep=None, packages_skip_by_dep=None, packages_skip_up_to=None, packages_select_build_failed=False, packages_skip_build_finished=False, packages_select_test_failures=False, packages_skip_test_passed=False, packages_select=None, packages_skip=None, packages_select_regex=None, packages_skip_regex=None, packages_start=None, packages_end=None, allow_overriding=[], cmake_args=None, cmake_target=None, cmake_target_skip_unavailable=False, cmake_clean_cache=False, cmake_clean_first=False, cmake_force_configure=False, ament_cmake_args=None, catkin_cmake_args=None, catkin_skip_building_tests=False, mixin_files=None, mixin=None, verb_parser=<colcon_mixin.mixin.mixin_argument.MixinArgumentDecorator object at 0x7c6a444f3eb0>, verb_extension=<colcon_core.verb.build.BuildVerb object at 0x7c6a44440dc0>, main=<bound method BuildVerb.main of <colcon_core.verb.build.BuildVerb object at 0x7c6a44440dc0>>, mixin_verb=('build',))[0m
[0.262s] [34mcolcon.colcon_core.package_discovery[0m [1;30mLevel 1[0m discover_packages(colcon_meta) check parameters
[0.262s] [34mcolcon.colcon_core.package_discovery[0m [1;30mLevel 1[0m discover_packages(recursive) check parameters
[0.262s] [34mcolcon.colcon_core.package_discovery[0m [1;30mLevel 1[0m discover_packages(ignore) check parameters
[0.262s] [34mcolcon.colcon_core.package_discovery[0m [1;30mLevel 1[0m discover_packages(path) check parameters
[0.262s] [34mcolcon.colcon_core.package_discovery[0m [1;30mLevel 1[0m discover_packages(colcon_meta) discover
[0.262s] [34mcolcon.colcon_core.package_discovery[0m [1;30mLevel 1[0m discover_packages(recursive) discover
[0.262s] [34mcolcon.colcon_core.package_discovery[0m [1;30mINFO[0m Crawling recursively for packages in '/home/divya/nav'
[0.262s] [34mcolcon.colcon_core.package_identification[0m [1;30mLevel 1[0m _identify(.) by extensions ['ignore', 'ignore_ament_install']
[0.262s] [34mcolcon.colcon_core.package_identification[0m [1;30mLevel 1[0m _identify(.) by extension 'ignore'
[0.262s] [34mcolcon.colcon_core.package_identification[0m [1;30mLevel 1[0m _identify(.) by extension 'ignore_ament_install'
[0.262s] [34mcolcon.colcon_core.package_identification[0m [1;30mLevel 1[0m _identify(.) by extensions ['colcon_pkg']
[0.262s] [34mcolcon.colcon_core.package_identification[0m [1;30mLevel 1[0m _identify(.) by extension 'colcon_pkg'
[0.262s] [34mcolcon.colcon_core.package_identification[0m [1;30mLevel 1[0m _identify(.) by extensions ['colcon_meta']
[0.262s] [34mcolcon.colcon_core.package_identification[0m [1;30mLevel 1[0m _identify(.) by extension 'colcon_meta'
[0.262s] [34mcolcon.colcon_core.package_identification[0m [1;30mLevel 1[0m _identify(.) by extensions ['ros']
[0.262s] [34mcolcon.colcon_core.package_identification[0m [1;30mLevel 1[0m _identify(.) by extension 'ros'
[0.284s] [34mcolcon.colcon_core.package_identification[0m [1;30mLevel 1[0m _identify(.) by extensions ['cmake', 'python']
[0.284s] [34mcolcon.colcon_core.package_identification[0m [1;30mLevel 1[0m _identify(.) by extension 'cmake'
[0.285s] [34mcolcon.colcon_core.package_identification[0m [1;30mLevel 1[0m _identify(.) by extension 'python'
[0.285s] [34mcolcon.colcon_core.package_identification[0m [1;30mLevel 1[0m _identify(.) by extensions ['python_setup_py']
[0.285s] [34mcolcon.colcon_core.package_identification[0m [1;30mLevel 1[0m _identify(.) by extension 'python_setup_py'
[0.285s] [34mcolcon.colcon_core.package_identification[0m [1;30mLevel 1[0m _identify(build) by extensions ['ignore', 'ignore_ament_install']
[0.285s] [34mcolcon.colcon_core.package_identification[0m [1;30mLevel 1[0m _identify(build) by extension 'ignore'
[0.285s] [34mcolcon.colcon_core.package_identification[0m [1;30mLevel 1[0m _identify(build) ignored
[0.285s] [34mcolcon.colcon_core.package_identification[0m [1;30mLevel 1[0m _identify(install) by extensions ['ignore', 'ignore_ament_install']
[0.285s] [34mcolcon.colcon_core.package_identification[0m [1;30mLevel 1[0m _identify(install) by extension 'ignore'
[0.285s] [34mcolcon.colcon_core.package_identification[0m [1;30mLevel 1[0m _identify(install) ignored
[0.285s] [34mcolcon.colcon_core.package_identification[0m [1;30mLevel 1[0m _identify(log) by extensions ['ignore', 'ignore_ament_install']
[0.285s] [34mcolcon.colcon_core.package_identification[0m [1;30mLevel 1[0m _identify(log) by extension 'ignore'
[0.285s] [34mcolcon.colcon_core.package_identification[0m [1;30mLevel 1[0m _identify(log) ignored
[0.286s] [34mcolcon.colcon_core.package_identification[0m [1;30mLevel 1[0m _identify(src) by extensions ['ignore', 'ignore_ament_install']
[0.286s] [34mcolcon.colcon_core.package_identification[0m [1;30mLevel 1[0m _identify(src) by extension 'ignore'
[0.286s] [34mcolcon.colcon_core.package_identification[0m [1;30mLevel 1[0m _identify(src) by extension 'ignore_ament_install'
[0.286s] [34mcolcon.colcon_core.package_identification[0m [1;30mLevel 1[0m _identify(src) by extensions ['colcon_pkg']
[0.286s] [34mcolcon.colcon_core.package_identification[0m [1;30mLevel 1[0m _identify(src) by extension 'colcon_pkg'
[0.286s] [34mcolcon.colcon_core.package_identification[0m [1;30mLevel 1[0m _identify(src) by extensions ['colcon_meta']
[0.286s] [34mcolcon.colcon_core.package_identification[0m [1;30mLevel 1[0m _identify(src) by extension 'colcon_meta'
[0.286s] [34mcolcon.colcon_core.package_identification[0m [1;30mLevel 1[0m _identify(src) by extensions ['ros']
[0.286s] [34mcolcon.colcon_core.package_identification[0m [1;30mLevel 1[0m _identify(src) by extension 'ros'
[0.286s] [34mcolcon.colcon_core.package_identification[0m [1;30mLevel 1[0m _identify(src) by extensions ['cmake', 'python']
[0.286s] [34mcolcon.colcon_core.package_identification[0m [1;30mLevel 1[0m _identify(src) by extension 'cmake'
[0.286s] [34mcolcon.colcon_core.package_identification[0m [1;30mLevel 1[0m _identify(src) by extension 'python'
[0.286s] [34mcolcon.colcon_core.package_identification[0m [1;30mLevel 1[0m _identify(src) by extensions ['python_setup_py']
[0.286s] [34mcolcon.colcon_core.package_identification[0m [1;30mLevel 1[0m _identify(src) by extension 'python_setup_py'
[0.286s] [34mcolcon.colcon_core.package_identification[0m [1;30mLevel 1[0m _identify(src/eva) by extensions ['ignore', 'ignore_ament_install']
[0.287s] [34mcolcon.colcon_core.package_identification[0m [1;30mLevel 1[0m _identify(src/eva) by extension 'ignore'
[0.287s] [34mcolcon.colcon_core.package_identification[0m [1;30mLevel 1[0m _identify(src/eva) by extension 'ignore_ament_install'
[0.287s] [34mcolcon.colcon_core.package_identification[0m [1;30mLevel 1[0m _identify(src/eva) by extensions ['colcon_pkg']
[0.287s] [34mcolcon.colcon_core.package_identification[0m [1;30mLevel 1[0m _identify(src/eva) by extension 'colcon_pkg'
[0.287s] [34mcolcon.colcon_core.package_identification[0m [1;30mLevel 1[0m _identify(src/eva) by extensions ['colcon_meta']
[0.287s] [34mcolcon.colcon_core.package_identification[0m [1;30mLevel 1[0m _identify(src/eva) by extension 'colcon_meta'
[0.287s] [34mcolcon.colcon_core.package_identification[0m [1;30mLevel 1[0m _identify(src/eva) by extensions ['ros']
[0.287s] [34mcolcon.colcon_core.package_identification[0m [1;30mLevel 1[0m _identify(src/eva) by extension 'ros'
[0.292s] [34mcolcon.colcon_core.package_identification[0m [1;30mDEBUG[0m [32mPackage 'src/eva' with type 'ros.ament_python' and name 'eva'[0m
[0.292s] [34mcolcon.colcon_core.package_identification[0m [1;30mLevel 1[0m _identify(src/sllidar_ros2) by extensions ['ignore', 'ignore_ament_install']
[0.292s] [34mcolcon.colcon_core.package_identification[0m [1;30mLevel 1[0m _identify(src/sllidar_ros2) by extension 'ignore'
[0.292s] [34mcolcon.colcon_core.package_identification[0m [1;30mLevel 1[0m _identify(src/sllidar_ros2) by extension 'ignore_ament_install'
[0.293s] [34mcolcon.colcon_core.package_identification[0m [1;30mLevel 1[0m _identify(src/sllidar_ros2) by extensions ['colcon_pkg']
[0.293s] [34mcolcon.colcon_core.package_identification[0m [1;30mLevel 1[0m _identify(src/sllidar_ros2) by extension 'colcon_pkg'
[0.293s] [34mcolcon.colcon_core.package_identification[0m [1;30mLevel 1[0m _identify(src/sllidar_ros2) by extensions ['colcon_meta']
[0.293s] [34mcolcon.colcon_core.package_identification[0m [1;30mLevel 1[0m _identify(src/sllidar_ros2) by extension 'colcon_meta'
[0.293s] [34mcolcon.colcon_core.package_identification[0m [1;30mLevel 1[0m _identify(src/sllidar_ros2) by extensions ['ros']
[0.293s] [34mcolcon.colcon_core.package_identification[0m [1;30mLevel 1[0m _identify(src/sllidar_ros2) by extension 'ros'
[0.293s] [34mcolcon.colcon_core.package_identification[0m [1;30mDEBUG[0m [32mPackage 'src/sllidar_ros2' with type 'ros.ament_cmake' and name 'sllidar_ros2'[0m
[0.293s] [34mcolcon.colcon_core.package_discovery[0m [1;30mLevel 1[0m discover_packages(recursive) using defaults
[0.293s] [34mcolcon.colcon_core.package_discovery[0m [1;30mLevel 1[0m discover_packages(ignore) discover
[0.293s] [34mcolcon.colcon_core.package_discovery[0m [1;30mLevel 1[0m discover_packages(ignore) using defaults
[0.294s] [34mcolcon.colcon_core.package_discovery[0m [1;30mLevel 1[0m discover_packages(path) discover
[0.294s] [34mcolcon.colcon_core.package_discovery[0m [1;30mLevel 1[0m discover_packages(path) using defaults
[0.307s] [34mcolcon.colcon_core.package_discovery[0m [1;30mLevel 1[0m discover_packages(prefix_path) check parameters
[0.307s] [34mcolcon.colcon_core.package_discovery[0m [1;30mLevel 1[0m discover_packages(prefix_path) discover
[0.309s] [34mcolcon.colcon_installed_package_information.package_discovery[0m [1;30mDEBUG[0m [32mFound 1 installed packages in /home/divya/nav/install[0m
[0.310s] [34mcolcon.colcon_installed_package_information.package_discovery[0m [1;30mDEBUG[0m [32mFound 1 installed packages in /home/divya/arms_ws/install[0m
[0.311s] [34mcolcon.colcon_installed_package_information.package_discovery[0m [1;30mDEBUG[0m [32mFound 315 installed packages in /opt/ros/humble[0m
[0.312s] [34mcolcon.colcon_core.package_discovery[0m [1;30mLevel 1[0m discover_packages(prefix_path) using defaults
[0.344s] [34mcolcon.colcon_core.verb[0m [1;30mLevel 5[0m set package 'eva' build argument 'cmake_args' from command line to 'None'
[0.344s] [34mcolcon.colcon_core.verb[0m [1;30mLevel 5[0m set package 'eva' build argument 'cmake_target' from command line to 'None'
[0.344s] [34mcolcon.colcon_core.verb[0m [1;30mLevel 5[0m set package 'eva' build argument 'cmake_target_skip_unavailable' from command line to 'False'
[0.344s] [34mcolcon.colcon_core.verb[0m [1;30mLevel 5[0m set package 'eva' build argument 'cmake_clean_cache' from command line to 'False'
[0.344s] [34mcolcon.colcon_core.verb[0m [1;30mLevel 5[0m set package 'eva' build argument 'cmake_clean_first' from command line to 'False'
[0.344s] [34mcolcon.colcon_core.verb[0m [1;30mLevel 5[0m set package 'eva' build argument 'cmake_force_configure' from command line to 'False'
[0.344s] [34mcolcon.colcon_core.verb[0m [1;30mLevel 5[0m set package 'eva' build argument 'ament_cmake_args' from command line to 'None'
[0.344s] [34mcolcon.colcon_core.verb[0m [1;30mLevel 5[0m set package 'eva' build argument 'catkin_cmake_args' from command line to 'None'
[0.344s] [34mcolcon.colcon_core.verb[0m [1;30mLevel 5[0m set package 'eva' build argument 'catkin_skip_building_tests' from command line to 'False'
[0.344s] [34mcolcon.colcon_core.verb[0m [1;30mDEBUG[0m [32mBuilding package 'eva' with the following arguments: {'ament_cmake_args': None, 'build_base': '/home/divya/nav/build/eva', 'catkin_cmake_args': None, 'catkin_skip_building_tests': False, 'cmake_args': None, 'cmake_clean_cache': False, 'cmake_clean_first': False, 'cmake_force_configure': False, 'cmake_target': None, 'cmake_target_skip_unavailable': False, 'install_base': '/home/divya/nav/install/eva', 'merge_install': False, 'path': '/home/divya/nav/src/eva', 'symlink_install': False, 'test_result_base': None}[0m
[0.344s] [34mcolcon.colcon_core.verb[0m [1;30mLevel 5[0m set package 'sllidar_ros2' build argument 'cmake_args' from command line to 'None'
[0.344s] [34mcolcon.colcon_core.verb[0m [1;30mLevel 5[0m set package 'sllidar_ros2' build argument 'cmake_target' from command line to 'None'
[0.344s] [34mcolcon.colcon_core.verb[0m [1;30mLevel 5[0m set package 'sllidar_ros2' build argument 'cmake_target_skip_unavailable' from command line to 'False'
[0.344s] [34mcolcon.colcon_core.verb[0m [1;30mLevel 5[0m set package 'sllidar_ros2' build argument 'cmake_clean_cache' from command line to 'False'
[0.344s] [34mcolcon.colcon_core.verb[0m [1;30mLevel 5[0m set package 'sllidar_ros2' build argument 'cmake_clean_first' from command line to 'False'
[0.344s] [34mcolcon.colcon_core.verb[0m [1;30mLevel 5[0m set package 'sllidar_ros2' build argument 'cmake_force_configure' from command line to 'False'
[0.344s] [34mcolcon.colcon_core.verb[0m [1;30mLevel 5[0m set package 'sllidar_ros2' build argument 'ament_cmake_args' from command line to 'None'
[0.344s] [34mcolcon.colcon_core.verb[0m [1;30mLevel 5[0m set package 'sllidar_ros2' build argument 'catkin_cmake_args' from command line to 'None'
[0.344s] [34mcolcon.colcon_core.verb[0m [1;30mLevel 5[0m set package 'sllidar_ros2' build argument 'catkin_skip_building_tests' from command line to 'False'
[0.344s] [34mcolcon.colcon_core.verb[0m [1;30mDEBUG[0m [32mBuilding package 'sllidar_ros2' with the following arguments: {'ament_cmake_args': None, 'build_base': '/home/divya/nav/build/sllidar_ros2', 'catkin_cmake_args': None, 'catkin_skip_building_tests': False, 'cmake_args': None, 'cmake_clean_cache': False, 'cmake_clean_first': False, 'cmake_force_configure': False, 'cmake_target': None, 'cmake_target_skip_unavailable': False, 'install_base': '/home/divya/nav/install/sllidar_ros2', 'merge_install': False, 'path': '/home/divya/nav/src/sllidar_ros2', 'symlink_install': False, 'test_result_base': None}[0m
[0.344s] [34mcolcon.colcon_core.executor[0m [1;30mINFO[0m Executing jobs using 'parallel' executor
[0.345s] [34mcolcon.colcon_parallel_executor.executor.parallel[0m [1;30mDEBUG[0m [32mrun_until_complete[0m
[0.345s] [34mcolcon.colcon_ros.task.ament_python.build[0m [1;30mINFO[0m Building ROS package in '/home/divya/nav/src/eva' with build type 'ament_python'
[0.346s] [34mcolcon.colcon_core.shell[0m [1;30mLevel 1[0m create_environment_hook('eva', 'ament_prefix_path')
[0.347s] [34mcolcon.colcon_core.plugin_system[0m [1;30mINFO[0m Skipping extension 'colcon_core.shell.bat': Not used on non-Windows systems
[0.347s] [34mcolcon.colcon_core.shell[0m [1;30mINFO[0m Creating environment hook '/home/divya/nav/install/eva/share/eva/hook/ament_prefix_path.ps1'
[0.347s] [34mcolcon.colcon_core.shell[0m [1;30mINFO[0m Creating environment descriptor '/home/divya/nav/install/eva/share/eva/hook/ament_prefix_path.dsv'
[0.348s] [34mcolcon.colcon_core.shell[0m [1;30mINFO[0m Creating environment hook '/home/divya/nav/install/eva/share/eva/hook/ament_prefix_path.sh'
[0.348s] [34mcolcon.colcon_core.shell[0m [1;30mINFO[0m Skip shell extension 'powershell' for command environment: Not usable outside of PowerShell
[0.348s] [34mcolcon.colcon_core.shell[0m [1;30mDEBUG[0m [32mSkip shell extension 'dsv' for command environment[0m
[0.351s] [34mcolcon.colcon_ros.task.ament_cmake.build[0m [1;30mINFO[0m Building ROS package in '/home/divya/nav/src/sllidar_ros2' with build type 'ament_cmake'
[0.351s] [34mcolcon.colcon_cmake.task.cmake.build[0m [1;30mINFO[0m Building CMake package in '/home/divya/nav/src/sllidar_ros2'
[0.351s] [34mcolcon.colcon_core.shell[0m [1;30mINFO[0m Skip shell extension 'powershell' for command environment: Not usable outside of PowerShell
[0.351s] [34mcolcon.colcon_core.shell[0m [1;30mDEBUG[0m [32mSkip shell extension 'dsv' for command environment[0m
[0.615s] [34mcolcon.colcon_core.task.python.build[0m [1;30mINFO[0m Building Python package in '/home/divya/nav/src/eva'
[0.615s] [34mcolcon.colcon_core.shell[0m [1;30mINFO[0m Skip shell extension 'powershell' for command environment: Not usable outside of PowerShell
[0.615s] [34mcolcon.colcon_core.shell[0m [1;30mDEBUG[0m [32mSkip shell extension 'dsv' for command environment[0m
[0.625s] [34mcolcon.colcon_core.event_handler.log_command[0m [1;30mDEBUG[0m [32mInvoking command in '/home/divya/nav/build/sllidar_ros2': CMAKE_PREFIX_PATH=/home/divya/nav/install/eva:/home/divya/arms_ws/install/eva:/opt/ros/humble /usr/bin/cmake /home/divya/nav/src/sllidar_ros2 -DCMAKE_INSTALL_PREFIX=/home/divya/nav/install/sllidar_ros2[0m
[1.044s] [34mcolcon.colcon_core.event_handler.log_command[0m [1;30mDEBUG[0m [32mInvoking command in '/home/divya/nav/src/eva': PYTHONPATH=/home/divya/nav/build/eva/prefix_override:/usr/lib/python3/dist-packages/colcon_core/task/python/colcon_distutils_commands:/home/divya/nav/install/eva/lib/python3.10/site-packages:${PYTHONPATH} /usr/bin/python3 -W ignore:setup.py install is deprecated -W ignore:easy_install command is deprecated setup.py egg_info --egg-base ../../build/eva build --build-base /home/divya/nav/build/eva/build install --record /home/divya/nav/build/eva/install.log --single-version-externally-managed install_data[0m
[1.373s] [34mcolcon.colcon_core.event_handler.log_command[0m [1;30mDEBUG[0m [32mInvoked command in '/home/divya/nav/src/eva' returned '0': PYTHONPATH=/home/divya/nav/build/eva/prefix_override:/usr/lib/python3/dist-packages/colcon_core/task/python/colcon_distutils_commands:/home/divya/nav/install/eva/lib/python3.10/site-packages:${PYTHONPATH} /usr/bin/python3 -W ignore:setup.py install is deprecated -W ignore:easy_install command is deprecated setup.py egg_info --egg-base ../../build/eva build --build-base /home/divya/nav/build/eva/build install --record /home/divya/nav/build/eva/install.log --single-version-externally-managed install_data[0m
[1.377s] [34mcolcon.colcon_core.environment[0m [1;30mLevel 1[0m checking '/home/divya/nav/install/eva' for CMake module files
[1.377s] [34mcolcon.colcon_core.environment[0m [1;30mLevel 1[0m checking '/home/divya/nav/install/eva' for CMake config files
[1.378s] [34mcolcon.colcon_core.environment[0m [1;30mLevel 1[0m checking '/home/divya/nav/install/eva/lib'
[1.378s] [34mcolcon.colcon_core.environment[0m [1;30mLevel 1[0m checking '/home/divya/nav/install/eva/bin'
[1.378s] [34mcolcon.colcon_core.environment[0m [1;30mLevel 1[0m checking '/home/divya/nav/install/eva/lib/pkgconfig/eva.pc'
[1.379s] [34mcolcon.colcon_core.environment[0m [1;30mLevel 1[0m checking '/home/divya/nav/install/eva/lib/python3.10/site-packages'
[1.379s] [34mcolcon.colcon_core.shell[0m [1;30mLevel 1[0m create_environment_hook('eva', 'pythonpath')
[1.379s] [34mcolcon.colcon_core.shell[0m [1;30mINFO[0m Creating environment hook '/home/divya/nav/install/eva/share/eva/hook/pythonpath.ps1'
[1.379s] [34mcolcon.colcon_core.shell[0m [1;30mINFO[0m Creating environment descriptor '/home/divya/nav/install/eva/share/eva/hook/pythonpath.dsv'
[1.380s] [34mcolcon.colcon_core.shell[0m [1;30mINFO[0m Creating environment hook '/home/divya/nav/install/eva/share/eva/hook/pythonpath.sh'
[1.380s] [34mcolcon.colcon_core.environment[0m [1;30mLevel 1[0m checking '/home/divya/nav/install/eva/bin'
[1.380s] [34mcolcon.colcon_core.environment[0m [1;30mLevel 1[0m create_environment_scripts_only(eva)
[1.380s] [34mcolcon.colcon_core.shell[0m [1;30mINFO[0m Creating package script '/home/divya/nav/install/eva/share/eva/package.ps1'
[1.381s] [34mcolcon.colcon_core.shell[0m [1;30mINFO[0m Creating package descriptor '/home/divya/nav/install/eva/share/eva/package.dsv'
[1.381s] [34mcolcon.colcon_core.shell[0m [1;30mINFO[0m Creating package script '/home/divya/nav/install/eva/share/eva/package.sh'
[1.382s] [34mcolcon.colcon_core.shell[0m [1;30mINFO[0m Creating package script '/home/divya/nav/install/eva/share/eva/package.bash'
[1.382s] [34mcolcon.colcon_core.shell[0m [1;30mINFO[0m Creating package script '/home/divya/nav/install/eva/share/eva/package.zsh'
[1.383s] [34mcolcon.colcon_core.environment[0m [1;30mLevel 1[0m create_file_with_runtime_dependencies(/home/divya/nav/install/eva/share/colcon-core/packages/eva)
[2.214s] [34mcolcon.colcon_core.event_handler.log_command[0m [1;30mDEBUG[0m [32mInvoked command in '/home/divya/nav/build/sllidar_ros2' returned '0': CMAKE_PREFIX_PATH=/home/divya/nav/install/eva:/home/divya/arms_ws/install/eva:/opt/ros/humble /usr/bin/cmake /home/divya/nav/src/sllidar_ros2 -DCMAKE_INSTALL_PREFIX=/home/divya/nav/install/sllidar_ros2[0m
[2.216s] [34mcolcon.colcon_core.event_handler.log_command[0m [1;30mDEBUG[0m [32mInvoking command in '/home/divya/nav/build/sllidar_ros2': CMAKE_PREFIX_PATH=/home/divya/nav/install/eva:/home/divya/arms_ws/install/eva:/opt/ros/humble /usr/bin/cmake --build /home/divya/nav/build/sllidar_ros2 -- -j8 -l8[0m
[14.530s] [34mcolcon.colcon_core.event_handler.log_command[0m [1;30mDEBUG[0m [32mInvoked command in '/home/divya/nav/build/sllidar_ros2' returned '0': CMAKE_PREFIX_PATH=/home/divya/nav/install/eva:/home/divya/arms_ws/install/eva:/opt/ros/humble /usr/bin/cmake --build /home/divya/nav/build/sllidar_ros2 -- -j8 -l8[0m
[14.543s] [34mcolcon.colcon_core.event_handler.log_command[0m [1;30mDEBUG[0m [32mInvoking command in '/home/divya/nav/build/sllidar_ros2': CMAKE_PREFIX_PATH=/home/divya/nav/install/eva:/home/divya/arms_ws/install/eva:/opt/ros/humble /usr/bin/cmake --install /home/divya/nav/build/sllidar_ros2[0m
[14.560s] [34mcolcon.colcon_core.environment[0m [1;30mLevel 1[0m create_environment_scripts_only(sllidar_ros2)
[14.561s] [34mcolcon.colcon_core.environment[0m [1;30mLevel 1[0m checking '/home/divya/nav/install/sllidar_ros2' for CMake module files
[14.561s] [34mcolcon.colcon_core.event_handler.log_command[0m [1;30mDEBUG[0m [32mInvoked command in '/home/divya/nav/build/sllidar_ros2' returned '0': CMAKE_PREFIX_PATH=/home/divya/nav/install/eva:/home/divya/arms_ws/install/eva:/opt/ros/humble /usr/bin/cmake --install /home/divya/nav/build/sllidar_ros2[0m
[14.561s] [34mcolcon.colcon_core.environment[0m [1;30mLevel 1[0m checking '/home/divya/nav/install/sllidar_ros2' for CMake config files
[14.561s] [34mcolcon.colcon_core.shell[0m [1;30mLevel 1[0m create_environment_hook('sllidar_ros2', 'cmake_prefix_path')
[14.562s] [34mcolcon.colcon_core.shell[0m [1;30mINFO[0m Creating environment hook '/home/divya/nav/install/sllidar_ros2/share/sllidar_ros2/hook/cmake_prefix_path.ps1'
[14.562s] [34mcolcon.colcon_core.shell[0m [1;30mINFO[0m Creating environment descriptor '/home/divya/nav/install/sllidar_ros2/share/sllidar_ros2/hook/cmake_prefix_path.dsv'
[14.562s] [34mcolcon.colcon_core.shell[0m [1;30mINFO[0m Creating environment hook '/home/divya/nav/install/sllidar_ros2/share/sllidar_ros2/hook/cmake_prefix_path.sh'
[14.563s] [34mcolcon.colcon_core.environment[0m [1;30mLevel 1[0m checking '/home/divya/nav/install/sllidar_ros2/lib'
[14.563s] [34mcolcon.colcon_core.environment[0m [1;30mLevel 1[0m checking '/home/divya/nav/install/sllidar_ros2/bin'
[14.563s] [34mcolcon.colcon_core.environment[0m [1;30mLevel 1[0m checking '/home/divya/nav/install/sllidar_ros2/lib/pkgconfig/sllidar_ros2.pc'
[14.563s] [34mcolcon.colcon_core.environment[0m [1;30mLevel 1[0m checking '/home/divya/nav/install/sllidar_ros2/lib/python3.10/site-packages'
[14.563s] [34mcolcon.colcon_core.environment[0m [1;30mLevel 1[0m checking '/home/divya/nav/install/sllidar_ros2/bin'
[14.563s] [34mcolcon.colcon_core.shell[0m [1;30mINFO[0m Creating package script '/home/divya/nav/install/sllidar_ros2/share/sllidar_ros2/package.ps1'
[14.563s] [34mcolcon.colcon_core.shell[0m [1;30mINFO[0m Creating package descriptor '/home/divya/nav/install/sllidar_ros2/share/sllidar_ros2/package.dsv'
[14.564s] [34mcolcon.colcon_core.shell[0m [1;30mINFO[0m Creating package script '/home/divya/nav/install/sllidar_ros2/share/sllidar_ros2/package.sh'
[14.564s] [34mcolcon.colcon_core.shell[0m [1;30mINFO[0m Creating package script '/home/divya/nav/install/sllidar_ros2/share/sllidar_ros2/package.bash'
[14.564s] [34mcolcon.colcon_core.shell[0m [1;30mINFO[0m Creating package script '/home/divya/nav/install/sllidar_ros2/share/sllidar_ros2/package.zsh'
[14.564s] [34mcolcon.colcon_core.environment[0m [1;30mLevel 1[0m create_file_with_runtime_dependencies(/home/divya/nav/install/sllidar_ros2/share/colcon-core/packages/sllidar_ros2)
[14.565s] [34mcolcon.colcon_core.environment[0m [1;30mLevel 1[0m create_environment_scripts_only(sllidar_ros2)
[14.565s] [34mcolcon.colcon_core.environment[0m [1;30mLevel 1[0m checking '/home/divya/nav/install/sllidar_ros2' for CMake module files
[14.565s] [34mcolcon.colcon_core.environment[0m [1;30mLevel 1[0m checking '/home/divya/nav/install/sllidar_ros2' for CMake config files
[14.566s] [34mcolcon.colcon_core.shell[0m [1;30mLevel 1[0m create_environment_hook('sllidar_ros2', 'cmake_prefix_path')
[14.566s] [34mcolcon.colcon_core.shell[0m [1;30mINFO[0m Creating environment hook '/home/divya/nav/install/sllidar_ros2/share/sllidar_ros2/hook/cmake_prefix_path.ps1'
[14.567s] [34mcolcon.colcon_core.shell[0m [1;30mINFO[0m Creating environment descriptor '/home/divya/nav/install/sllidar_ros2/share/sllidar_ros2/hook/cmake_prefix_path.dsv'
[14.567s] [34mcolcon.colcon_core.shell[0m [1;30mINFO[0m Creating environment hook '/home/divya/nav/install/sllidar_ros2/share/sllidar_ros2/hook/cmake_prefix_path.sh'
[14.568s] [34mcolcon.colcon_core.environment[0m [1;30mLevel 1[0m checking '/home/divya/nav/install/sllidar_ros2/lib'
[14.568s] [34mcolcon.colcon_core.environment[0m [1;30mLevel 1[0m checking '/home/divya/nav/install/sllidar_ros2/bin'
[14.568s] [34mcolcon.colcon_core.environment[0m [1;30mLevel 1[0m checking '/home/divya/nav/install/sllidar_ros2/lib/pkgconfig/sllidar_ros2.pc'
[14.569s] [34mcolcon.colcon_core.environment[0m [1;30mLevel 1[0m checking '/home/divya/nav/install/sllidar_ros2/lib/python3.10/site-packages'
[14.569s] [34mcolcon.colcon_core.environment[0m [1;30mLevel 1[0m checking '/home/divya/nav/install/sllidar_ros2/bin'
[14.570s] [34mcolcon.colcon_core.shell[0m [1;30mINFO[0m Creating package script '/home/divya/nav/install/sllidar_ros2/share/sllidar_ros2/package.ps1'
[14.571s] [34mcolcon.colcon_core.shell[0m [1;30mINFO[0m Creating package descriptor '/home/divya/nav/install/sllidar_ros2/share/sllidar_ros2/package.dsv'
[14.572s] [34mcolcon.colcon_core.shell[0m [1;30mINFO[0m Creating package script '/home/divya/nav/install/sllidar_ros2/share/sllidar_ros2/package.sh'
[14.572s] [34mcolcon.colcon_core.shell[0m [1;30mINFO[0m Creating package script '/home/divya/nav/install/sllidar_ros2/share/sllidar_ros2/package.bash'
[14.573s] [34mcolcon.colcon_core.shell[0m [1;30mINFO[0m Creating package script '/home/divya/nav/install/sllidar_ros2/share/sllidar_ros2/package.zsh'
[14.573s] [34mcolcon.colcon_core.environment[0m [1;30mLevel 1[0m create_file_with_runtime_dependencies(/home/divya/nav/install/sllidar_ros2/share/colcon-core/packages/sllidar_ros2)
[14.574s] [34mcolcon.colcon_parallel_executor.executor.parallel[0m [1;30mDEBUG[0m [32mclosing loop[0m
[14.574s] [34mcolcon.colcon_parallel_executor.executor.parallel[0m [1;30mDEBUG[0m [32mloop closed[0m
[14.574s] [34mcolcon.colcon_parallel_executor.executor.parallel[0m [1;30mDEBUG[0m [32mrun_until_complete finished with '0'[0m
[14.574s] [34mcolcon.colcon_core.event_reactor[0m [1;30mDEBUG[0m [32mjoining thread[0m
[14.616s] [34mcolcon.colcon_core.plugin_system[0m [1;30mINFO[0m Skipping extension 'colcon_notification.desktop_notification.terminal_notifier': Not used on non-Darwin systems
[14.617s] [34mcolcon.colcon_core.plugin_system[0m [1;30mINFO[0m Skipping extension 'colcon_notification.desktop_notification.win32': Not used on non-Windows systems
[14.617s] [34mcolcon.colcon_notification.desktop_notification[0m [1;30mINFO[0m Sending desktop notification using 'notify2'
[14.626s] [34mcolcon.colcon_core.event_reactor[0m [1;30mDEBUG[0m [32mjoined thread[0m
[14.626s] [34mcolcon.colcon_core.shell[0m [1;30mINFO[0m Creating prefix script '/home/divya/nav/install/local_setup.ps1'
[14.627s] [34mcolcon.colcon_core.shell[0m [1;30mINFO[0m Creating prefix util module '/home/divya/nav/install/_local_setup_util_ps1.py'
[14.628s] [34mcolcon.colcon_core.shell[0m [1;30mINFO[0m Creating prefix chain script '/home/divya/nav/install/setup.ps1'
[14.629s] [34mcolcon.colcon_core.shell[0m [1;30mINFO[0m Creating prefix script '/home/divya/nav/install/local_setup.sh'
[14.629s] [34mcolcon.colcon_core.shell[0m [1;30mINFO[0m Creating prefix util module '/home/divya/nav/install/_local_setup_util_sh.py'
[14.629s] [34mcolcon.colcon_core.shell[0m [1;30mINFO[0m Creating prefix chain script '/home/divya/nav/install/setup.sh'
[14.630s] [34mcolcon.colcon_core.shell[0m [1;30mINFO[0m Creating prefix script '/home/divya/nav/install/local_setup.bash'
[14.630s] [34mcolcon.colcon_core.shell[0m [1;30mINFO[0m Creating prefix chain script '/home/divya/nav/install/setup.bash'
[14.631s] [34mcolcon.colcon_core.shell[0m [1;30mINFO[0m Creating prefix script '/home/divya/nav/install/local_setup.zsh'
[14.631s] [34mcolcon.colcon_core.shell[0m [1;30mINFO[0m Creating prefix chain script '/home/divya/nav/install/setup.zsh'
