running egg_info
writing ../../build/eva/eva.egg-info/PKG-INFO
writing dependency_links to ../../build/eva/eva.egg-info/dependency_links.txt
writing entry points to ../../build/eva/eva.egg-info/entry_points.txt
writing requirements to ../../build/eva/eva.egg-info/requires.txt
writing top-level names to ../../build/eva/eva.egg-info/top_level.txt
reading manifest file '../../build/eva/eva.egg-info/SOURCES.txt'
writing manifest file '../../build/eva/eva.egg-info/SOURCES.txt'
running build
running build_py
running install
running install_lib
running install_data
copying urdf/evaurdf.urdf -> /home/divya/nav/install/eva/share/eva/urdf
copying meshes/forearm_right.STL -> /home/divya/nav/install/eva/share/eva/meshes
copying meshes/omniwheeltwo.STL -> /home/divya/nav/install/eva/share/eva/meshes
copying meshes/biceptoelbow_right.STL -> /home/divya/nav/install/eva/share/eva/meshes
copying meshes/shouldertobicep_left.STL -> /home/divya/nav/install/eva/share/eva/meshes
copying meshes/shouldertobicep_right.STL -> /home/divya/nav/install/eva/share/eva/meshes
copying meshes/forearm_left.STL -> /home/divya/nav/install/eva/share/eva/meshes
copying meshes/omniwheelthree.STL -> /home/divya/nav/install/eva/share/eva/meshes
copying meshes/elbow_right.STL -> /home/divya/nav/install/eva/share/eva/meshes
copying meshes/head.STL -> /home/divya/nav/install/eva/share/eva/meshes
copying meshes/lidar.STL -> /home/divya/nav/install/eva/share/eva/meshes
copying meshes/neckyaw.STL -> /home/divya/nav/install/eva/share/eva/meshes
copying meshes/omniwheelfour.STL -> /home/divya/nav/install/eva/share/eva/meshes
copying meshes/wrist_left.STL -> /home/divya/nav/install/eva/share/eva/meshes
copying meshes/elbow_left.STL -> /home/divya/nav/install/eva/share/eva/meshes
copying meshes/bodytoshoulder_right.STL -> /home/divya/nav/install/eva/share/eva/meshes
copying meshes/omniwheelone.STL -> /home/divya/nav/install/eva/share/eva/meshes
copying meshes/biceptoelbow_left.STL -> /home/divya/nav/install/eva/share/eva/meshes
copying meshes/drivelink.STL -> /home/divya/nav/install/eva/share/eva/meshes
copying meshes/wrist_right.STL -> /home/divya/nav/install/eva/share/eva/meshes
copying meshes/bodytoshoulder_left.STL -> /home/divya/nav/install/eva/share/eva/meshes
copying meshes/base_link.STL -> /home/divya/nav/install/eva/share/eva/meshes
running install_egg_info
removing '/home/divya/nav/install/eva/lib/python3.10/site-packages/eva-0.0.0-py3.10.egg-info' (and everything under it)
Copying ../../build/eva/eva.egg-info to /home/divya/nav/install/eva/lib/python3.10/site-packages/eva-0.0.0-py3.10.egg-info
running install_scripts
Installing odom_publisher script to /home/divya/nav/install/eva/lib/eva
writing list of installed files to '/home/divya/nav/build/eva/install.log'
