[0.811s] Invoking command in '/home/divya/nav/src/eva': PYTHONPATH=/home/divya/nav/build/eva/prefix_override:/usr/lib/python3/dist-packages/colcon_core/task/python/colcon_distutils_commands:/home/divya/nav/install/eva/lib/python3.10/site-packages:${PYTHONPATH} /usr/bin/python3 -W ignore:setup.py install is deprecated -W ignore:easy_install command is deprecated setup.py egg_info --egg-base ../../build/eva build --build-base /home/divya/nav/build/eva/build install --record /home/divya/nav/build/eva/install.log --single-version-externally-managed install_data
[1.045s] running egg_info
[1.045s] writing ../../build/eva/eva.egg-info/PKG-INFO
[1.046s] writing dependency_links to ../../build/eva/eva.egg-info/dependency_links.txt
[1.046s] writing entry points to ../../build/eva/eva.egg-info/entry_points.txt
[1.046s] writing requirements to ../../build/eva/eva.egg-info/requires.txt
[1.046s] writing top-level names to ../../build/eva/eva.egg-info/top_level.txt
[1.047s] reading manifest file '../../build/eva/eva.egg-info/SOURCES.txt'
[1.052s] writing manifest file '../../build/eva/eva.egg-info/SOURCES.txt'
[1.052s] running build
[1.052s] running build_py
[1.052s] running install
[1.053s] running install_lib
[1.058s] running install_data
[1.060s] running install_egg_info
[1.063s] removing '/home/divya/nav/install/eva/lib/python3.10/site-packages/eva-0.0.0-py3.10.egg-info' (and everything under it)
[1.063s] Copying ../../build/eva/eva.egg-info to /home/divya/nav/install/eva/lib/python3.10/site-packages/eva-0.0.0-py3.10.egg-info
[1.064s] running install_scripts
[1.089s] Installing odom_publisher script to /home/divya/nav/install/eva/lib/eva
[1.091s] writing list of installed files to '/home/divya/nav/build/eva/install.log'
[1.129s] Invoked command in '/home/divya/nav/src/eva' returned '0': PYTHONPATH=/home/divya/nav/build/eva/prefix_override:/usr/lib/python3/dist-packages/colcon_core/task/python/colcon_distutils_commands:/home/divya/nav/install/eva/lib/python3.10/site-packages:${PYTHONPATH} /usr/bin/python3 -W ignore:setup.py install is deprecated -W ignore:easy_install command is deprecated setup.py egg_info --egg-base ../../build/eva build --build-base /home/divya/nav/build/eva/build install --record /home/divya/nav/build/eva/install.log --single-version-externally-managed install_data
