[0.496s] Invoking command in '/home/divya/nav/build/sllidar_ros2': CMAKE_PREFIX_PATH=${CMAKE_PREFIX_PATH}:/home/divya/nav/install/eva:/opt/ros/humble /usr/bin/cmake --build /home/divya/nav/build/sllidar_ros2 -- -j8 -l8
[0.785s] [ 10%] Built target sllidar_client
[0.785s] [100%] Built target sllidar_node
[0.813s] Invoked command in '/home/divya/nav/build/sllidar_ros2' returned '0': CMAKE_PREFIX_PATH=${CMAKE_PREFIX_PATH}:/home/divya/nav/install/eva:/opt/ros/humble /usr/bin/cmake --build /home/divya/nav/build/sllidar_ros2 -- -j8 -l8
[0.833s] Invoking command in '/home/divya/nav/build/sllidar_ros2': CMAKE_PREFIX_PATH=${CMAKE_PREFIX_PATH}:/home/divya/nav/install/eva:/opt/ros/humble /usr/bin/cmake --install /home/divya/nav/build/sllidar_ros2
[0.845s] -- Install configuration: ""
[0.846s] -- Up-to-date: /home/divya/nav/install/sllidar_ros2/share/sllidar_ros2/launch
[0.847s] -- Up-to-date: /home/divya/nav/install/sllidar_ros2/share/sllidar_ros2/launch/sllidar_s2_launch.py
[0.847s] -- Up-to-date: /home/divya/nav/install/sllidar_ros2/share/sllidar_ros2/launch/view_sllidar_a2m12_launch.py
[0.847s] -- Up-to-date: /home/divya/nav/install/sllidar_ros2/share/sllidar_ros2/launch/sllidar_s3_launch.py
[0.847s] -- Up-to-date: /home/divya/nav/install/sllidar_ros2/share/sllidar_ros2/launch/sllidar_s1_launch.py
[0.847s] -- Up-to-date: /home/divya/nav/install/sllidar_ros2/share/sllidar_ros2/launch/view_sllidar_a3_launch.py
[0.847s] -- Up-to-date: /home/divya/nav/install/sllidar_ros2/share/sllidar_ros2/launch/sllidar_a1_launch.py
[0.847s] -- Up-to-date: /home/divya/nav/install/sllidar_ros2/share/sllidar_ros2/launch/view_sllidar_a2m7_launch.py
[0.848s] -- Up-to-date: /home/divya/nav/install/sllidar_ros2/share/sllidar_ros2/launch/sllidar_c1_launch.py
[0.848s] -- Up-to-date: /home/divya/nav/install/sllidar_ros2/share/sllidar_ros2/launch/view_sllidar_s2e_launch.py
[0.848s] -- Up-to-date: /home/divya/nav/install/sllidar_ros2/share/sllidar_ros2/launch/view_sllidar_c1_launch.py
[0.848s] -- Up-to-date: /home/divya/nav/install/sllidar_ros2/share/sllidar_ros2/launch/view_sllidar_s2_launch.py
[0.848s] -- Up-to-date: /home/divya/nav/install/sllidar_ros2/share/sllidar_ros2/launch/sllidar_s1_tcp_launch.py
[0.848s] -- Up-to-date: /home/divya/nav/install/sllidar_ros2/share/sllidar_ros2/launch/sllidar_a2m7_launch.py
[0.848s] -- Up-to-date: /home/divya/nav/install/sllidar_ros2/share/sllidar_ros2/launch/sllidar_s2e_launch.py
[0.848s] -- Up-to-date: /home/divya/nav/install/sllidar_ros2/share/sllidar_ros2/launch/sllidar_a2m8_launch.py
[0.849s] -- Up-to-date: /home/divya/nav/install/sllidar_ros2/share/sllidar_ros2/launch/view_sllidar_a1_launch.py
[0.849s] -- Up-to-date: /home/divya/nav/install/sllidar_ros2/share/sllidar_ros2/launch/view_sllidar_a2m8_launch.py
[0.849s] -- Up-to-date: /home/divya/nav/install/sllidar_ros2/share/sllidar_ros2/launch/sllidar_a3_launch.py
[0.849s] -- Up-to-date: /home/divya/nav/install/sllidar_ros2/share/sllidar_ros2/launch/sllidar_t1_launch.py
[0.849s] -- Up-to-date: /home/divya/nav/install/sllidar_ros2/share/sllidar_ros2/launch/view_sllidar_s3_launch.py
[0.849s] -- Up-to-date: /home/divya/nav/install/sllidar_ros2/share/sllidar_ros2/launch/view_sllidar_t1_launch.py
[0.849s] -- Up-to-date: /home/divya/nav/install/sllidar_ros2/share/sllidar_ros2/launch/view_sllidar_s1_tcp_launch.py
[0.850s] -- Up-to-date: /home/divya/nav/install/sllidar_ros2/share/sllidar_ros2/launch/view_sllidar_s1_launch.py
[0.850s] -- Up-to-date: /home/divya/nav/install/sllidar_ros2/share/sllidar_ros2/launch/sllidar_a2m12_launch .py
[0.850s] -- Up-to-date: /home/divya/nav/install/sllidar_ros2/share/sllidar_ros2/rviz
[0.850s] -- Up-to-date: /home/divya/nav/install/sllidar_ros2/share/sllidar_ros2/rviz/sllidar_ros2.rviz
[0.850s] -- Up-to-date: /home/divya/nav/install/sllidar_ros2/lib/sllidar_ros2/sllidar_node
[0.851s] -- Up-to-date: /home/divya/nav/install/sllidar_ros2/lib/sllidar_ros2/sllidar_client
[0.851s] -- Up-to-date: /home/divya/nav/install/sllidar_ros2/share/ament_index/resource_index/package_run_dependencies/sllidar_ros2
[0.851s] -- Up-to-date: /home/divya/nav/install/sllidar_ros2/share/ament_index/resource_index/parent_prefix_path/sllidar_ros2
[0.852s] -- Up-to-date: /home/divya/nav/install/sllidar_ros2/share/sllidar_ros2/environment/ament_prefix_path.sh
[0.852s] -- Up-to-date: /home/divya/nav/install/sllidar_ros2/share/sllidar_ros2/environment/ament_prefix_path.dsv
[0.852s] -- Up-to-date: /home/divya/nav/install/sllidar_ros2/share/sllidar_ros2/environment/path.sh
[0.852s] -- Up-to-date: /home/divya/nav/install/sllidar_ros2/share/sllidar_ros2/environment/path.dsv
[0.852s] -- Up-to-date: /home/divya/nav/install/sllidar_ros2/share/sllidar_ros2/local_setup.bash
[0.852s] -- Up-to-date: /home/divya/nav/install/sllidar_ros2/share/sllidar_ros2/local_setup.sh
[0.852s] -- Up-to-date: /home/divya/nav/install/sllidar_ros2/share/sllidar_ros2/local_setup.zsh
[0.853s] -- Up-to-date: /home/divya/nav/install/sllidar_ros2/share/sllidar_ros2/local_setup.dsv
[0.853s] -- Installing: /home/divya/nav/install/sllidar_ros2/share/sllidar_ros2/package.dsv
[0.853s] -- Up-to-date: /home/divya/nav/install/sllidar_ros2/share/ament_index/resource_index/packages/sllidar_ros2
[0.853s] -- Up-to-date: /home/divya/nav/install/sllidar_ros2/share/sllidar_ros2/cmake/ament_cmake_export_dependencies-extras.cmake
[0.853s] -- Up-to-date: /home/divya/nav/install/sllidar_ros2/share/sllidar_ros2/cmake/ament_cmake_export_include_directories-extras.cmake
[0.853s] -- Up-to-date: /home/divya/nav/install/sllidar_ros2/share/sllidar_ros2/cmake/sllidar_ros2Config.cmake
[0.853s] -- Up-to-date: /home/divya/nav/install/sllidar_ros2/share/sllidar_ros2/cmake/sllidar_ros2Config-version.cmake
[0.853s] -- Up-to-date: /home/divya/nav/install/sllidar_ros2/share/sllidar_ros2/package.xml
[0.860s] Invoked command in '/home/divya/nav/build/sllidar_ros2' returned '0': CMAKE_PREFIX_PATH=${CMAKE_PREFIX_PATH}:/home/divya/nav/install/eva:/opt/ros/humble /usr/bin/cmake --install /home/divya/nav/build/sllidar_ros2
