/home/divya/nav/install/eva/lib/python3.10/site-packages/eva/odom_publisher.py
/home/divya/nav/install/eva/lib/python3.10/site-packages/eva/__init__.py
/home/divya/nav/install/eva/lib/python3.10/site-packages/eva/__pycache__/odom_publisher.cpython-310.pyc
/home/divya/nav/install/eva/lib/python3.10/site-packages/eva/__pycache__/__init__.cpython-310.pyc
/home/divya/nav/install/eva/share/ament_index/resource_index/packages/eva
/home/divya/nav/install/eva/share/eva/package.xml
/home/divya/nav/install/eva/share/eva/launch/display.launch.py
/home/divya/nav/install/eva/share/eva/launch/combined.launch.py
/home/divya/nav/install/eva/share/eva/urdf/eva.urdf
/home/divya/nav/install/eva/share/eva/meshes/forearm_right.STL
/home/divya/nav/install/eva/share/eva/meshes/omniwheeltwo.STL
/home/divya/nav/install/eva/share/eva/meshes/biceptoelbow_right.STL
/home/divya/nav/install/eva/share/eva/meshes/shouldertobicep_left.STL
/home/divya/nav/install/eva/share/eva/meshes/shouldertobicep_right.STL
/home/divya/nav/install/eva/share/eva/meshes/forearm_left.STL
/home/divya/nav/install/eva/share/eva/meshes/omniwheelthree.STL
/home/divya/nav/install/eva/share/eva/meshes/elbow_right.STL
/home/divya/nav/install/eva/share/eva/meshes/head.STL
/home/divya/nav/install/eva/share/eva/meshes/lidar.STL
/home/divya/nav/install/eva/share/eva/meshes/neckyaw.STL
/home/divya/nav/install/eva/share/eva/meshes/omniwheelfour.STL
/home/divya/nav/install/eva/share/eva/meshes/wrist_left.STL
/home/divya/nav/install/eva/share/eva/meshes/elbow_left.STL
/home/divya/nav/install/eva/share/eva/meshes/bodytoshoulder_right.STL
/home/divya/nav/install/eva/share/eva/meshes/omniwheelone.STL
/home/divya/nav/install/eva/share/eva/meshes/biceptoelbow_left.STL
/home/divya/nav/install/eva/share/eva/meshes/drivelink.STL
/home/divya/nav/install/eva/share/eva/meshes/wrist_right.STL
/home/divya/nav/install/eva/share/eva/meshes/bodytoshoulder_left.STL
/home/divya/nav/install/eva/share/eva/meshes/base_link.STL
/home/divya/nav/install/eva/lib/python3.10/site-packages/eva-0.0.0-py3.10.egg-info/requires.txt
/home/divya/nav/install/eva/lib/python3.10/site-packages/eva-0.0.0-py3.10.egg-info/zip-safe
/home/divya/nav/install/eva/lib/python3.10/site-packages/eva-0.0.0-py3.10.egg-info/entry_points.txt
/home/divya/nav/install/eva/lib/python3.10/site-packages/eva-0.0.0-py3.10.egg-info/top_level.txt
/home/divya/nav/install/eva/lib/python3.10/site-packages/eva-0.0.0-py3.10.egg-info/PKG-INFO
/home/divya/nav/install/eva/lib/python3.10/site-packages/eva-0.0.0-py3.10.egg-info/SOURCES.txt
/home/divya/nav/install/eva/lib/python3.10/site-packages/eva-0.0.0-py3.10.egg-info/dependency_links.txt
/home/divya/nav/install/eva/lib/eva/odom_publisher
