[0.589s] Invoking command in '/home/divya/nav/src/eva': PYTHONPATH=/home/divya/nav/build/eva/prefix_override:/usr/lib/python3/dist-packages/colcon_core/task/python/colcon_distutils_commands:/home/divya/nav/install/eva/lib/python3.10/site-packages:${PYTHONPATH} /usr/bin/python3 -W ignore:setup.py install is deprecated -W ignore:easy_install command is deprecated setup.py egg_info --egg-base ../../build/eva build --build-base /home/divya/nav/build/eva/build install --record /home/divya/nav/build/eva/install.log --single-version-externally-managed install_data
[0.746s] running egg_info
[0.746s] writing ../../build/eva/eva.egg-info/PKG-INFO
[0.751s] writing dependency_links to ../../build/eva/eva.egg-info/dependency_links.txt
[0.751s] writing entry points to ../../build/eva/eva.egg-info/entry_points.txt
[0.752s] writing requirements to ../../build/eva/eva.egg-info/requires.txt
[0.752s] writing top-level names to ../../build/eva/eva.egg-info/top_level.txt
[0.753s] reading manifest file '../../build/eva/eva.egg-info/SOURCES.txt'
[0.754s] writing manifest file '../../build/eva/eva.egg-info/SOURCES.txt'
[0.754s] running build
[0.754s] running build_py
[0.755s] copying eva/odom_publisher.py -> /home/divya/nav/build/eva/build/lib/eva
[0.756s] running install
[0.756s] running install_lib
[0.756s] copying /home/divya/nav/build/eva/build/lib/eva/odom_publisher.py -> /home/divya/nav/install/eva/lib/python3.10/site-packages/eva
[0.757s] byte-compiling /home/divya/nav/install/eva/lib/python3.10/site-packages/eva/odom_publisher.py to odom_publisher.cpython-310.pyc
[0.758s] running install_data
[0.758s] copying launch/combined.launch.py -> /home/divya/nav/install/eva/share/eva/launch
[0.759s] running install_egg_info
[0.761s] removing '/home/divya/nav/install/eva/lib/python3.10/site-packages/eva-0.0.0-py3.10.egg-info' (and everything under it)
[0.761s] Copying ../../build/eva/eva.egg-info to /home/divya/nav/install/eva/lib/python3.10/site-packages/eva-0.0.0-py3.10.egg-info
[0.762s] running install_scripts
[0.775s] Installing odom_publisher script to /home/divya/nav/install/eva/lib/eva
[0.775s] writing list of installed files to '/home/divya/nav/build/eva/install.log'
[0.798s] Invoked command in '/home/divya/nav/src/eva' returned '0': PYTHONPATH=/home/divya/nav/build/eva/prefix_override:/usr/lib/python3/dist-packages/colcon_core/task/python/colcon_distutils_commands:/home/divya/nav/install/eva/lib/python3.10/site-packages:${PYTHONPATH} /usr/bin/python3 -W ignore:setup.py install is deprecated -W ignore:easy_install command is deprecated setup.py egg_info --egg-base ../../build/eva build --build-base /home/divya/nav/build/eva/build install --record /home/divya/nav/build/eva/install.log --single-version-externally-managed install_data
